d:\_my_source\source_mine\031100_deviation_of_yangbonggu\source_deviation of yangbonggu\defenders_iso\debug\vc142.pdb
d:\_my_source\source_mine\031100_deviation_of_yangbonggu\source_deviation of yangbonggu\defenders_iso\debug\vc142.idb
d:\_my_source\source_mine\031100_deviation_of_yangbonggu\source_deviation of yangbonggu\defenders_iso\debug\dmain.obj
d:\_my_source\source_mine\031100_deviation_of_yangbonggu\source_deviation of yangbonggu\defenders_iso\debug\ddutil.obj
d:\_my_source\source_mine\031100_deviation_of_yangbonggu\source_deviation of yangbonggu\defenders_iso\debug\cdsprite.obj
d:\_my_source\source_mine\031100_deviation_of_yangbonggu\source_deviation of yangbonggu\defenders_iso\debug\cdmap.obj
d:\_my_source\source_mine\031100_deviation_of_yangbonggu\source_deviation of yangbonggu\defenders_iso\debug\cdinput.obj
d:\_my_source\source_mine\031100_deviation_of_yangbonggu\source_deviation of yangbonggu\defenders_iso\debug\cddraw.obj
d:\_my_source\source_mine\031100_deviation_of_yangbonggu\source_deviation of yangbonggu\defenders_iso\debug\cdbitmap.obj
d:\_my_source\source_mine\031100_deviation_of_yangbonggu\source_deviation of yangbonggu\defenders_iso\debug\defenders.pch
d:\_my_source\source_mine\031100_deviation_of_yangbonggu\source_deviation of yangbonggu\defenders_iso\debug\vc60.idb
d:\_my_source\source_mine\031100_deviation_of_yangbonggu\source_deviation of yangbonggu\defenders_iso\debug\vc70.idb
d:\_my_source\source_mine\031100_deviation_of_yangbonggu\source_deviation of yangbonggu\defenders_iso\debug\defenders.pdb
d:\_my_source\source_mine\031100_deviation_of_yangbonggu\source_deviation of yangbonggu\defenders_iso\debug\vc70.pdb
d:\_my_source\source_mine\031100_deviation_of_yangbonggu\source_deviation of yangbonggu\defenders_iso\debug\defenders.bsc
d:\_my_source\source_mine\031100_deviation_of_yangbonggu\source_deviation of yangbonggu\defenders_iso\debug\cddraw.sbr
d:\_my_source\source_mine\031100_deviation_of_yangbonggu\source_deviation of yangbonggu\defenders_iso\debug\dmain.sbr
d:\_my_source\source_mine\031100_deviation_of_yangbonggu\source_deviation of yangbonggu\defenders_iso\debug\defenders.exe
d:\_my_source\source_mine\031100_deviation_of_yangbonggu\source_deviation of yangbonggu\defenders_iso\debug\defenders.tlog\cl.command.1.tlog
d:\_my_source\source_mine\031100_deviation_of_yangbonggu\source_deviation of yangbonggu\defenders_iso\debug\defenders.tlog\cl.read.1.tlog
d:\_my_source\source_mine\031100_deviation_of_yangbonggu\source_deviation of yangbonggu\defenders_iso\debug\defenders.tlog\cl.write.1.tlog
d:\_my_source\source_mine\031100_deviation_of_yangbonggu\source_deviation of yangbonggu\defenders_iso\debug\defenders.tlog\rc.command.1.tlog
d:\_my_source\source_mine\031100_deviation_of_yangbonggu\source_deviation of yangbonggu\defenders_iso\debug\defenders.tlog\rc.read.1.tlog
d:\_my_source\source_mine\031100_deviation_of_yangbonggu\source_deviation of yangbonggu\defenders_iso\debug\defenders.tlog\rc.write.1.tlog
